[2022-09-19 17:04:30] production.ERROR: Target class [config] does not exist. {"exception":"[object] (Illuminate\\Contracts\\Container\\BindingResolutionException(code: 0): Target class [config] does not exist. at C:\\xampp\\htdocs\\E-commerce_Project\\shopping_cart\\vendor\\laravel\\framework\\src\\Illuminate\\Container\\Container.php:877)
[stacktrace]
#0 C:\\xampp\\htdocs\\E-commerce_Project\\shopping_cart\\vendor\\laravel\\framework\\src\\Illuminate\\Container\\Container.php(756): Illuminate\\Container\\Container->build('config')
#1 C:\\xampp\\htdocs\\E-commerce_Project\\shopping_cart\\vendor\\laravel\\framework\\src\\Illuminate\\Foundation\\Application.php(860): Illuminate\\Container\\Container->resolve('config', Array, true)
#2 C:\\xampp\\htdocs\\E-commerce_Project\\shopping_cart\\vendor\\laravel\\framework\\src\\Illuminate\\Container\\Container.php(692): Illuminate\\Foundation\\Application->resolve('config', Array)
#3 C:\\xampp\\htdocs\\E-commerce_Project\\shopping_cart\\vendor\\laravel\\framework\\src\\Illuminate\\Foundation\\Application.php(845): Illuminate\\Container\\Container->make('config', Array)
#4 C:\\xampp\\htdocs\\E-commerce_Project\\shopping_cart\\vendor\\laravel\\framework\\src\\Illuminate\\Foundation\\helpers.php(119): Illuminate\\Foundation\\Application->make('config', Array)
#5 C:\\xampp\\htdocs\\E-commerce_Project\\shopping_cart\\vendor\\laravel\\framework\\src\\Illuminate\\Foundation\\helpers.php(275): app('config')
#6 C:\\xampp\\htdocs\\E-commerce_Project\\shopping_cart\\vendor\\laravel\\sanctum\\src\\Sanctum.php(44): config('app.url')
#7 C:\\xampp\\htdocs\\E-commerce_Project\\shopping_cart\\config\\sanctum.php(21): Laravel\\Sanctum\\Sanctum::currentApplicationUrlWithPort()
#8 C:\\xampp\\htdocs\\E-commerce_Project\\shopping_cart\\vendor\\laravel\\framework\\src\\Illuminate\\Foundation\\Bootstrap\\LoadConfiguration.php(70): require('C:\\\\xampp\\\\htdocs...')
#9 C:\\xampp\\htdocs\\E-commerce_Project\\shopping_cart\\vendor\\laravel\\framework\\src\\Illuminate\\Foundation\\Bootstrap\\LoadConfiguration.php(39): Illuminate\\Foundation\\Bootstrap\\LoadConfiguration->loadConfigurationFiles(Object(Illuminate\\Foundation\\Application), Object(Illuminate\\Config\\Repository))
#10 C:\\xampp\\htdocs\\E-commerce_Project\\shopping_cart\\vendor\\laravel\\framework\\src\\Illuminate\\Foundation\\Application.php(242): Illuminate\\Foundation\\Bootstrap\\LoadConfiguration->bootstrap(Object(Illuminate\\Foundation\\Application))
#11 C:\\xampp\\htdocs\\E-commerce_Project\\shopping_cart\\vendor\\laravel\\framework\\src\\Illuminate\\Foundation\\Console\\Kernel.php(310): Illuminate\\Foundation\\Application->bootstrapWith(Array)
#12 C:\\xampp\\htdocs\\E-commerce_Project\\shopping_cart\\vendor\\laravel\\framework\\src\\Illuminate\\Foundation\\Console\\Kernel.php(127): Illuminate\\Foundation\\Console\\Kernel->bootstrap()
#13 C:\\xampp\\htdocs\\E-commerce_Project\\shopping_cart\\artisan(37): Illuminate\\Foundation\\Console\\Kernel->handle(Object(Symfony\\Component\\Console\\Input\\ArgvInput), Object(Symfony\\Component\\Console\\Output\\ConsoleOutput))
#14 {main}

[previous exception] [object] (ReflectionException(code: -1): Class \"config\" does not exist at C:\\xampp\\htdocs\\E-commerce_Project\\shopping_cart\\vendor\\laravel\\framework\\src\\Illuminate\\Container\\Container.php:875)
[stacktrace]
#0 C:\\xampp\\htdocs\\E-commerce_Project\\shopping_cart\\vendor\\laravel\\framework\\src\\Illuminate\\Container\\Container.php(875): ReflectionClass->__construct('config')
#1 C:\\xampp\\htdocs\\E-commerce_Project\\shopping_cart\\vendor\\laravel\\framework\\src\\Illuminate\\Container\\Container.php(756): Illuminate\\Container\\Container->build('config')
#2 C:\\xampp\\htdocs\\E-commerce_Project\\shopping_cart\\vendor\\laravel\\framework\\src\\Illuminate\\Foundation\\Application.php(860): Illuminate\\Container\\Container->resolve('config', Array, true)
#3 C:\\xampp\\htdocs\\E-commerce_Project\\shopping_cart\\vendor\\laravel\\framework\\src\\Illuminate\\Container\\Container.php(692): Illuminate\\Foundation\\Application->resolve('config', Array)
#4 C:\\xampp\\htdocs\\E-commerce_Project\\shopping_cart\\vendor\\laravel\\framework\\src\\Illuminate\\Foundation\\Application.php(845): Illuminate\\Container\\Container->make('config', Array)
#5 C:\\xampp\\htdocs\\E-commerce_Project\\shopping_cart\\vendor\\laravel\\framework\\src\\Illuminate\\Foundation\\helpers.php(119): Illuminate\\Foundation\\Application->make('config', Array)
#6 C:\\xampp\\htdocs\\E-commerce_Project\\shopping_cart\\vendor\\laravel\\framework\\src\\Illuminate\\Foundation\\helpers.php(275): app('config')
#7 C:\\xampp\\htdocs\\E-commerce_Project\\shopping_cart\\vendor\\laravel\\sanctum\\src\\Sanctum.php(44): config('app.url')
#8 C:\\xampp\\htdocs\\E-commerce_Project\\shopping_cart\\config\\sanctum.php(21): Laravel\\Sanctum\\Sanctum::currentApplicationUrlWithPort()
#9 C:\\xampp\\htdocs\\E-commerce_Project\\shopping_cart\\vendor\\laravel\\framework\\src\\Illuminate\\Foundation\\Bootstrap\\LoadConfiguration.php(70): require('C:\\\\xampp\\\\htdocs...')
#10 C:\\xampp\\htdocs\\E-commerce_Project\\shopping_cart\\vendor\\laravel\\framework\\src\\Illuminate\\Foundation\\Bootstrap\\LoadConfiguration.php(39): Illuminate\\Foundation\\Bootstrap\\LoadConfiguration->loadConfigurationFiles(Object(Illuminate\\Foundation\\Application), Object(Illuminate\\Config\\Repository))
#11 C:\\xampp\\htdocs\\E-commerce_Project\\shopping_cart\\vendor\\laravel\\framework\\src\\Illuminate\\Foundation\\Application.php(242): Illuminate\\Foundation\\Bootstrap\\LoadConfiguration->bootstrap(Object(Illuminate\\Foundation\\Application))
#12 C:\\xampp\\htdocs\\E-commerce_Project\\shopping_cart\\vendor\\laravel\\framework\\src\\Illuminate\\Foundation\\Console\\Kernel.php(310): Illuminate\\Foundation\\Application->bootstrapWith(Array)
#13 C:\\xampp\\htdocs\\E-commerce_Project\\shopping_cart\\vendor\\laravel\\framework\\src\\Illuminate\\Foundation\\Console\\Kernel.php(127): Illuminate\\Foundation\\Console\\Kernel->bootstrap()
#14 C:\\xampp\\htdocs\\E-commerce_Project\\shopping_cart\\artisan(37): Illuminate\\Foundation\\Console\\Kernel->handle(Object(Symfony\\Component\\Console\\Input\\ArgvInput), Object(Symfony\\Component\\Console\\Output\\ConsoleOutput))
#15 {main}
"} 
[2022-09-19 17:07:33] production.ERROR: Target class [config] does not exist. {"exception":"[object] (Illuminate\\Contracts\\Container\\BindingResolutionException(code: 0): Target class [config] does not exist. at C:\\xampp\\htdocs\\E-commerce_Project\\shopping_cart\\vendor\\laravel\\framework\\src\\Illuminate\\Container\\Container.php:877)
[stacktrace]
#0 C:\\xampp\\htdocs\\E-commerce_Project\\shopping_cart\\vendor\\laravel\\framework\\src\\Illuminate\\Container\\Container.php(756): Illuminate\\Container\\Container->build('config')
#1 C:\\xampp\\htdocs\\E-commerce_Project\\shopping_cart\\vendor\\laravel\\framework\\src\\Illuminate\\Foundation\\Application.php(860): Illuminate\\Container\\Container->resolve('config', Array, true)
#2 C:\\xampp\\htdocs\\E-commerce_Project\\shopping_cart\\vendor\\laravel\\framework\\src\\Illuminate\\Container\\Container.php(692): Illuminate\\Foundation\\Application->resolve('config', Array)
#3 C:\\xampp\\htdocs\\E-commerce_Project\\shopping_cart\\vendor\\laravel\\framework\\src\\Illuminate\\Foundation\\Application.php(845): Illuminate\\Container\\Container->make('config', Array)
#4 C:\\xampp\\htdocs\\E-commerce_Project\\shopping_cart\\vendor\\laravel\\framework\\src\\Illuminate\\Foundation\\helpers.php(119): Illuminate\\Foundation\\Application->make('config', Array)
#5 C:\\xampp\\htdocs\\E-commerce_Project\\shopping_cart\\vendor\\laravel\\framework\\src\\Illuminate\\Foundation\\helpers.php(275): app('config')
#6 C:\\xampp\\htdocs\\E-commerce_Project\\shopping_cart\\vendor\\laravel\\sanctum\\src\\Sanctum.php(44): config('app.url')
#7 C:\\xampp\\htdocs\\E-commerce_Project\\shopping_cart\\config\\sanctum.php(21): Laravel\\Sanctum\\Sanctum::currentApplicationUrlWithPort()
#8 C:\\xampp\\htdocs\\E-commerce_Project\\shopping_cart\\vendor\\laravel\\framework\\src\\Illuminate\\Foundation\\Bootstrap\\LoadConfiguration.php(70): require('C:\\\\xampp\\\\htdocs...')
#9 C:\\xampp\\htdocs\\E-commerce_Project\\shopping_cart\\vendor\\laravel\\framework\\src\\Illuminate\\Foundation\\Bootstrap\\LoadConfiguration.php(39): Illuminate\\Foundation\\Bootstrap\\LoadConfiguration->loadConfigurationFiles(Object(Illuminate\\Foundation\\Application), Object(Illuminate\\Config\\Repository))
#10 C:\\xampp\\htdocs\\E-commerce_Project\\shopping_cart\\vendor\\laravel\\framework\\src\\Illuminate\\Foundation\\Application.php(242): Illuminate\\Foundation\\Bootstrap\\LoadConfiguration->bootstrap(Object(Illuminate\\Foundation\\Application))
#11 C:\\xampp\\htdocs\\E-commerce_Project\\shopping_cart\\vendor\\laravel\\framework\\src\\Illuminate\\Foundation\\Console\\Kernel.php(310): Illuminate\\Foundation\\Application->bootstrapWith(Array)
#12 C:\\xampp\\htdocs\\E-commerce_Project\\shopping_cart\\vendor\\laravel\\framework\\src\\Illuminate\\Foundation\\Console\\Kernel.php(127): Illuminate\\Foundation\\Console\\Kernel->bootstrap()
#13 C:\\xampp\\htdocs\\E-commerce_Project\\shopping_cart\\artisan(37): Illuminate\\Foundation\\Console\\Kernel->handle(Object(Symfony\\Component\\Console\\Input\\ArgvInput), Object(Symfony\\Component\\Console\\Output\\ConsoleOutput))
#14 {main}

[previous exception] [object] (ReflectionException(code: -1): Class \"config\" does not exist at C:\\xampp\\htdocs\\E-commerce_Project\\shopping_cart\\vendor\\laravel\\framework\\src\\Illuminate\\Container\\Container.php:875)
[stacktrace]
#0 C:\\xampp\\htdocs\\E-commerce_Project\\shopping_cart\\vendor\\laravel\\framework\\src\\Illuminate\\Container\\Container.php(875): ReflectionClass->__construct('config')
#1 C:\\xampp\\htdocs\\E-commerce_Project\\shopping_cart\\vendor\\laravel\\framework\\src\\Illuminate\\Container\\Container.php(756): Illuminate\\Container\\Container->build('config')
#2 C:\\xampp\\htdocs\\E-commerce_Project\\shopping_cart\\vendor\\laravel\\framework\\src\\Illuminate\\Foundation\\Application.php(860): Illuminate\\Container\\Container->resolve('config', Array, true)
#3 C:\\xampp\\htdocs\\E-commerce_Project\\shopping_cart\\vendor\\laravel\\framework\\src\\Illuminate\\Container\\Container.php(692): Illuminate\\Foundation\\Application->resolve('config', Array)
#4 C:\\xampp\\htdocs\\E-commerce_Project\\shopping_cart\\vendor\\laravel\\framework\\src\\Illuminate\\Foundation\\Application.php(845): Illuminate\\Container\\Container->make('config', Array)
#5 C:\\xampp\\htdocs\\E-commerce_Project\\shopping_cart\\vendor\\laravel\\framework\\src\\Illuminate\\Foundation\\helpers.php(119): Illuminate\\Foundation\\Application->make('config', Array)
#6 C:\\xampp\\htdocs\\E-commerce_Project\\shopping_cart\\vendor\\laravel\\framework\\src\\Illuminate\\Foundation\\helpers.php(275): app('config')
#7 C:\\xampp\\htdocs\\E-commerce_Project\\shopping_cart\\vendor\\laravel\\sanctum\\src\\Sanctum.php(44): config('app.url')
#8 C:\\xampp\\htdocs\\E-commerce_Project\\shopping_cart\\config\\sanctum.php(21): Laravel\\Sanctum\\Sanctum::currentApplicationUrlWithPort()
#9 C:\\xampp\\htdocs\\E-commerce_Project\\shopping_cart\\vendor\\laravel\\framework\\src\\Illuminate\\Foundation\\Bootstrap\\LoadConfiguration.php(70): require('C:\\\\xampp\\\\htdocs...')
#10 C:\\xampp\\htdocs\\E-commerce_Project\\shopping_cart\\vendor\\laravel\\framework\\src\\Illuminate\\Foundation\\Bootstrap\\LoadConfiguration.php(39): Illuminate\\Foundation\\Bootstrap\\LoadConfiguration->loadConfigurationFiles(Object(Illuminate\\Foundation\\Application), Object(Illuminate\\Config\\Repository))
#11 C:\\xampp\\htdocs\\E-commerce_Project\\shopping_cart\\vendor\\laravel\\framework\\src\\Illuminate\\Foundation\\Application.php(242): Illuminate\\Foundation\\Bootstrap\\LoadConfiguration->bootstrap(Object(Illuminate\\Foundation\\Application))
#12 C:\\xampp\\htdocs\\E-commerce_Project\\shopping_cart\\vendor\\laravel\\framework\\src\\Illuminate\\Foundation\\Console\\Kernel.php(310): Illuminate\\Foundation\\Application->bootstrapWith(Array)
#13 C:\\xampp\\htdocs\\E-commerce_Project\\shopping_cart\\vendor\\laravel\\framework\\src\\Illuminate\\Foundation\\Console\\Kernel.php(127): Illuminate\\Foundation\\Console\\Kernel->bootstrap()
#14 C:\\xampp\\htdocs\\E-commerce_Project\\shopping_cart\\artisan(37): Illuminate\\Foundation\\Console\\Kernel->handle(Object(Symfony\\Component\\Console\\Input\\ArgvInput), Object(Symfony\\Component\\Console\\Output\\ConsoleOutput))
#15 {main}
"} 
